Determining if the pthread_create exist failed with the following output:
Change Dir: /home/sti/Desktop/study/rslidar_sdk/build/CMakeFiles/CMakeTmp

Run Build Command:"/usr/bin/make" "cmTC_79a10/fast"
/usr/bin/make -f CMakeFiles/cmTC_79a10.dir/build.make CMakeFiles/cmTC_79a10.dir/build
make[1]: 进入目录“/home/sti/Desktop/study/rslidar_sdk/build/CMakeFiles/CMakeTmp”
Building C object CMakeFiles/cmTC_79a10.dir/CheckSymbolExists.c.o
/usr/bin/cc    -o CMakeFiles/cmTC_79a10.dir/CheckSymbolExists.c.o   -c /home/sti/Desktop/study/rslidar_sdk/build/CMakeFiles/CMakeTmp/CheckSymbolExists.c
Linking C executable cmTC_79a10
/usr/bin/cmake -E cmake_link_script CMakeFiles/cmTC_79a10.dir/link.txt --verbose=1
/usr/bin/cc      CMakeFiles/cmTC_79a10.dir/CheckSymbolExists.c.o  -o cmTC_79a10 
CMakeFiles/cmTC_79a10.dir/CheckSymbolExists.c.o：在函数‘main’中：
CheckSymbolExists.c:(.text+0x1b)：对‘pthread_create’未定义的引用
collect2: error: ld returned 1 exit status
CMakeFiles/cmTC_79a10.dir/build.make:97: recipe for target 'cmTC_79a10' failed
make[1]: *** [cmTC_79a10] Error 1
make[1]: 离开目录“/home/sti/Desktop/study/rslidar_sdk/build/CMakeFiles/CMakeTmp”
Makefile:126: recipe for target 'cmTC_79a10/fast' failed
make: *** [cmTC_79a10/fast] Error 2

File /home/sti/Desktop/study/rslidar_sdk/build/CMakeFiles/CMakeTmp/CheckSymbolExists.c:
/* */
#include <pthread.h>

int main(int argc, char** argv)
{
  (void)argv;
#ifndef pthread_create
  return ((int*)(&pthread_create))[argc];
#else
  (void)argc;
  return 0;
#endif
}

Determining if the function pthread_create exists in the pthreads failed with the following output:
Change Dir: /home/sti/Desktop/study/rslidar_sdk/build/CMakeFiles/CMakeTmp

Run Build Command:"/usr/bin/make" "cmTC_317d2/fast"
/usr/bin/make -f CMakeFiles/cmTC_317d2.dir/build.make CMakeFiles/cmTC_317d2.dir/build
make[1]: 进入目录“/home/sti/Desktop/study/rslidar_sdk/build/CMakeFiles/CMakeTmp”
Building C object CMakeFiles/cmTC_317d2.dir/CheckFunctionExists.c.o
/usr/bin/cc   -DCHECK_FUNCTION_EXISTS=pthread_create   -o CMakeFiles/cmTC_317d2.dir/CheckFunctionExists.c.o   -c /usr/share/cmake-3.10/Modules/CheckFunctionExists.c
Linking C executable cmTC_317d2
/usr/bin/cmake -E cmake_link_script CMakeFiles/cmTC_317d2.dir/link.txt --verbose=1
/usr/bin/cc  -DCHECK_FUNCTION_EXISTS=pthread_create    CMakeFiles/cmTC_317d2.dir/CheckFunctionExists.c.o  -o cmTC_317d2 -lpthreads 
/usr/bin/ld: 找不到 -lpthreads
collect2: error: ld returned 1 exit status
CMakeFiles/cmTC_317d2.dir/build.make:97: recipe for target 'cmTC_317d2' failed
make[1]: *** [cmTC_317d2] Error 1
make[1]: 离开目录“/home/sti/Desktop/study/rslidar_sdk/build/CMakeFiles/CMakeTmp”
Makefile:126: recipe for target 'cmTC_317d2/fast' failed
make: *** [cmTC_317d2/fast] Error 2


